<?xml version="1.0" encoding="UTF-8"?>
<!-- Generated by org.testng.reporters.JUnitReportReporter -->
<testsuite hostname="Rohit" failures="0" tests="1" name="test.Bluedarttest" time="8.996" errors="0" timestamp="2023-09-10T20:59:35 IST" skipped="0">
  <testcase classname="test.Bluedarttest" name="verifyLogin" time="8.996"/>
</testsuite> <!-- test.Bluedarttest -->
